#
# A fatal error has been detected by the Java Runtime Environment:
#
#  EXCEPTION_ACCESS_VIOLATION (0xc0000005) at pc=0x5c0b6121, pid=7868, tid=8112
#
# JRE version: Java(TM) SE Runtime Environment (7.0_80-b05) (build 1.7.0_80-ea-b05)
# Java VM: Java HotSpot(TM) Client VM (24.80-b07 mixed mode, sharing windows-x86 )
# Problematic frame:
# V  [jvm.dll+0xa6121]
#
# Failed to write core dump. Minidumps are not enabled by default on client versions of Windows
#
# If you would like to submit a bug report, please visit:
#   http://bugreport.java.com/bugreport/crash.jsp
#

---------------  T H R E A D  ---------------

Current thread (0x0051bc00):  JavaThread "main" [_thread_in_vm, id=8112, stack(0x01820000,0x01870000)]

siginfo: ExceptionCode=0xc0000005, reading address 0x00000024

Registers:
EAX=0x00000000, EBX=0x00000024, ECX=0x380526d0, EDX=0x00000001
ESP=0x0186eb2c, EBP=0x0186eb44, ESI=0x00000024, EDI=0x380d4318
EIP=0x5c0b6121, EFLAGS=0x00010216

Top of Stack: (sp=0x0186eb2c)
0x0186eb2c:   38c08c40 38052590 38c2a3e8 00000024
0x0186eb3c:   38c2a401 00000024 0186eb64 5c0b73ae
0x0186eb4c:   380526d0 38c2a3e8 38c08c40 0186ede8
0x0186eb5c:   0051bc00 38c08c40 0186eb7c 5c07f90d
0x0186eb6c:   38c2a3e8 38c08c40 0051bc00 38c2a3e8
0x0186eb7c:   0186eca8 5c080676 0186ede8 0051c5c8
0x0186eb8c:   38c2a3e8 38c08c40 0051bc00 0051bc00
0x0186eb9c:   0186ede8 38c08c40 0186ecd0 5c08089f 

Instructions: (pc=0x5c0b6121)
0x5c0b6101:   57 89 5d f4 89 75 fc 0f 88 bd 01 00 00 eb 03 8b
0x5c0b6111:   75 fc 8b 4d 08 03 f3 d1 fe 8b 7c b1 0c 8b 47 08
0x5c0b6121:   0f b7 48 24 8b 40 14 8b 54 88 28 89 55 f8 8b 55
0x5c0b6131:   f8 85 d2 75 38 85 c9 74 34 8b 50 08 8a 54 0a 0c 


Register to memory mapping:

EAX=0x00000000 is an unknown value
EBX=0x00000024 is an unknown value
ECX=0x380526d0 is an oop
[[I 
 - klass: 'java/lang/Object'[]
 - length: 71
EDX=0x00000001 is an unknown value
ESP=0x0186eb2c is pointing into the stack for thread: 0x0051bc00
EBP=0x0186eb44 is pointing into the stack for thread: 0x0051bc00
ESI=0x00000024 is an unknown value
EDI=0x380d4318 is pointing into object: 0x380d42a8
{instance class} 
 - klass: {other class}


Stack: [0x01820000,0x01870000],  sp=0x0186eb2c,  free space=314k
Native frames: (J=compiled Java code, j=interpreted, Vv=VM code, C=native code)
V  [jvm.dll+0xa6121]
V  [jvm.dll+0xa73ae]
V  [jvm.dll+0x6f90d]
V  [jvm.dll+0x70676]
V  [jvm.dll+0x711f6]
V  [jvm.dll+0x72200]
V  [jvm.dll+0x72ac6]
V  [jvm.dll+0x72d87]
V  [jvm.dll+0x6ee70]
j  sun.reflect.annotation.AnnotationParser.parseAnnotations([BLsun/reflect/ConstantPool;Ljava/lang/Class;)Ljava/util/Map;+4
j  java.lang.reflect.Field.declaredAnnotations()Ljava/util/Map;+28
j  java.lang.reflect.Field.getAnnotation(Ljava/lang/Class;)Ljava/lang/annotation/Annotation;+13
j  com.google.inject.spi.InjectionPoint.getAtInject(Ljava/lang/reflect/AnnotatedElement;)Ljava/lang/annotation/Annotation;+4
j  com.google.inject.spi.InjectionPoint.getInjectionPoints(Lcom/google/inject/TypeLiteral;ZLcom/google/inject/internal/Errors;)Ljava/util/Set;+133
j  com.google.inject.spi.InjectionPoint.forInstanceMethodsAndFields(Lcom/google/inject/TypeLiteral;)Ljava/util/Set;+11
j  com.google.inject.spi.InjectionPoint.forInstanceMethodsAndFields(Ljava/lang/Class;)Ljava/util/Set;+4
j  com.google.inject.internal.BindingBuilder.toInstance(Ljava/lang/Object;)V+12
j  com.google.inject.internal.InjectorShell$RootModule.configure(Lcom/google/inject/Binder;)V+22
j  com.google.inject.spi.Elements$RecordingBinder.install(Lcom/google/inject/Module;)V+31
j  com.google.inject.spi.Elements.getElements(Lcom/google/inject/Stage;Ljava/lang/Iterable;)Ljava/util/List;+40
j  com.google.inject.internal.InjectorShell$Builder.build(Lcom/google/inject/internal/Initializer;Lcom/google/inject/internal/ProcessedBindingData;Lcom/google/inject/internal/util/Stopwatch;Lcom/google/inject/internal/Errors;)Ljava/util/List;+99
j  com.google.inject.internal.InternalInjectorCreator.build()Lcom/google/inject/Injector;+48
j  com.google.inject.Guice.createInjector(Lcom/google/inject/Stage;Ljava/lang/Iterable;)Lcom/google/inject/Injector;+15
j  com.google.inject.Guice.createInjector(Ljava/lang/Iterable;)Lcom/google/inject/Injector;+4
j  com.google.inject.Guice.createInjector([Lcom/google/inject/Module;)Lcom/google/inject/Injector;+4
j  org.codehaus.plexus.DefaultPlexusContainer.addPlexusInjector(Ljava/util/List;[Lcom/google/inject/Module;)V+88
j  org.codehaus.plexus.DefaultPlexusContainer.<init>(Lorg/codehaus/plexus/ContainerConfiguration;[Lcom/google/inject/Module;)V+380
j  org.codehaus.plexus.DefaultPlexusContainer.<init>(Lorg/codehaus/plexus/ContainerConfiguration;)V+5
j  org.apache.maven.cli.MavenCli.container(Lorg/apache/maven/cli/MavenCli$CliRequest;)V+81
j  org.apache.maven.cli.MavenCli.doMain(Lorg/apache/maven/cli/MavenCli$CliRequest;)I+27
j  org.apache.maven.cli.MavenCli.main([Ljava/lang/String;Lorg/codehaus/plexus/classworlds/ClassWorld;)I+18
v  ~StubRoutines::call_stub
V  [jvm.dll+0x1427da]
V  [jvm.dll+0x20733e]
V  [jvm.dll+0x14285d]
V  [jvm.dll+0x14ea6e]
V  [jvm.dll+0x14ec95]
V  [jvm.dll+0xf2fe9]
C  [java.dll+0x7eb8]
j  sun.reflect.NativeMethodAccessorImpl.invoke(Ljava/lang/Object;[Ljava/lang/Object;)Ljava/lang/Object;+87
j  sun.reflect.DelegatingMethodAccessorImpl.invoke(Ljava/lang/Object;[Ljava/lang/Object;)Ljava/lang/Object;+6
j  java.lang.reflect.Method.invoke(Ljava/lang/Object;[Ljava/lang/Object;)Ljava/lang/Object;+57
j  org.codehaus.plexus.classworlds.launcher.Launcher.launchEnhanced([Ljava/lang/String;)V+45
j  org.codehaus.plexus.classworlds.launcher.Launcher.launch([Ljava/lang/String;)V+2
j  org.codehaus.plexus.classworlds.launcher.Launcher.mainWithExitCode([Ljava/lang/String;)I+97
j  org.codehaus.plexus.classworlds.launcher.Launcher.main([Ljava/lang/String;)V+1
v  ~StubRoutines::call_stub
V  [jvm.dll+0x1427da]
V  [jvm.dll+0x20733e]
V  [jvm.dll+0x14285d]
V  [jvm.dll+0xcb3b5]
V  [jvm.dll+0xd6067]
C  [java.exe+0x2063]
C  [java.exe+0xa6c1]
C  [java.exe+0xa74b]
C  [kernel32.dll+0x51174]
C  [ntdll.dll+0x5b3f5]
C  [ntdll.dll+0x5b3c8]

Java frames: (J=compiled Java code, j=interpreted, Vv=VM code)
j  sun.reflect.annotation.AnnotationParser.parseAnnotations([BLsun/reflect/ConstantPool;Ljava/lang/Class;)Ljava/util/Map;+4
j  java.lang.reflect.Field.declaredAnnotations()Ljava/util/Map;+28
j  java.lang.reflect.Field.getAnnotation(Ljava/lang/Class;)Ljava/lang/annotation/Annotation;+13
j  com.google.inject.spi.InjectionPoint.getAtInject(Ljava/lang/reflect/AnnotatedElement;)Ljava/lang/annotation/Annotation;+4
j  com.google.inject.spi.InjectionPoint.getInjectionPoints(Lcom/google/inject/TypeLiteral;ZLcom/google/inject/internal/Errors;)Ljava/util/Set;+133
j  com.google.inject.spi.InjectionPoint.forInstanceMethodsAndFields(Lcom/google/inject/TypeLiteral;)Ljava/util/Set;+11
j  com.google.inject.spi.InjectionPoint.forInstanceMethodsAndFields(Ljava/lang/Class;)Ljava/util/Set;+4
j  com.google.inject.internal.BindingBuilder.toInstance(Ljava/lang/Object;)V+12
j  com.google.inject.internal.InjectorShell$RootModule.configure(Lcom/google/inject/Binder;)V+22
j  com.google.inject.spi.Elements$RecordingBinder.install(Lcom/google/inject/Module;)V+31
j  com.google.inject.spi.Elements.getElements(Lcom/google/inject/Stage;Ljava/lang/Iterable;)Ljava/util/List;+40
j  com.google.inject.internal.InjectorShell$Builder.build(Lcom/google/inject/internal/Initializer;Lcom/google/inject/internal/ProcessedBindingData;Lcom/google/inject/internal/util/Stopwatch;Lcom/google/inject/internal/Errors;)Ljava/util/List;+99
j  com.google.inject.internal.InternalInjectorCreator.build()Lcom/google/inject/Injector;+48
j  com.google.inject.Guice.createInjector(Lcom/google/inject/Stage;Ljava/lang/Iterable;)Lcom/google/inject/Injector;+15
j  com.google.inject.Guice.createInjector(Ljava/lang/Iterable;)Lcom/google/inject/Injector;+4
j  com.google.inject.Guice.createInjector([Lcom/google/inject/Module;)Lcom/google/inject/Injector;+4
j  org.codehaus.plexus.DefaultPlexusContainer.addPlexusInjector(Ljava/util/List;[Lcom/google/inject/Module;)V+88
j  org.codehaus.plexus.DefaultPlexusContainer.<init>(Lorg/codehaus/plexus/ContainerConfiguration;[Lcom/google/inject/Module;)V+380
j  org.codehaus.plexus.DefaultPlexusContainer.<init>(Lorg/codehaus/plexus/ContainerConfiguration;)V+5
j  org.apache.maven.cli.MavenCli.container(Lorg/apache/maven/cli/MavenCli$CliRequest;)V+81
j  org.apache.maven.cli.MavenCli.doMain(Lorg/apache/maven/cli/MavenCli$CliRequest;)I+27
j  org.apache.maven.cli.MavenCli.main([Ljava/lang/String;Lorg/codehaus/plexus/classworlds/ClassWorld;)I+18
v  ~StubRoutines::call_stub
j  sun.reflect.NativeMethodAccessorImpl.invoke0(Ljava/lang/reflect/Method;Ljava/lang/Object;[Ljava/lang/Object;)Ljava/lang/Object;+0
j  sun.reflect.NativeMethodAccessorImpl.invoke(Ljava/lang/Object;[Ljava/lang/Object;)Ljava/lang/Object;+87
j  sun.reflect.DelegatingMethodAccessorImpl.invoke(Ljava/lang/Object;[Ljava/lang/Object;)Ljava/lang/Object;+6
j  java.lang.reflect.Method.invoke(Ljava/lang/Object;[Ljava/lang/Object;)Ljava/lang/Object;+57
j  org.codehaus.plexus.classworlds.launcher.Launcher.launchEnhanced([Ljava/lang/String;)V+45
j  org.codehaus.plexus.classworlds.launcher.Launcher.launch([Ljava/lang/String;)V+2
j  org.codehaus.plexus.classworlds.launcher.Launcher.mainWithExitCode([Ljava/lang/String;)I+97
j  org.codehaus.plexus.classworlds.launcher.Launcher.main([Ljava/lang/String;)V+1
v  ~StubRoutines::call_stub

---------------  P R O C E S S  ---------------

Java Threads: ( => current thread )
  0x01737800 JavaThread "Service Thread" daemon [_thread_blocked, id=836, stack(0x03b50000,0x03ba0000)]
  0x01725000 JavaThread "C1 CompilerThread0" daemon [_thread_blocked, id=6764, stack(0x03bd0000,0x03c20000)]
  0x01724000 JavaThread "Attach Listener" daemon [_thread_blocked, id=5756, stack(0x03c80000,0x03cd0000)]
  0x01720c00 JavaThread "Signal Dispatcher" daemon [_thread_blocked, id=6944, stack(0x03ad0000,0x03b20000)]
  0x016b5800 JavaThread "Finalizer" daemon [_thread_blocked, id=7956, stack(0x039d0000,0x03a20000)]
  0x016b0800 JavaThread "Reference Handler" daemon [_thread_blocked, id=7664, stack(0x03950000,0x039a0000)]
=>0x0051bc00 JavaThread "main" [_thread_in_vm, id=8112, stack(0x01820000,0x01870000)]

Other Threads:
  0x016ae800 VMThread [stack: 0x017a0000,0x017f0000] [id=7484]
  0x01740c00 WatcherThread [stack: 0x03e20000,0x03e70000] [id=7692]

VM state:not at safepoint (normal execution)

VM Mutex/Monitor currently owned by a thread: None

Heap
 def new generation   total 4928K, used 776K [0x23600000, 0x23b50000, 0x28b50000)
  eden space 4416K,   5% used [0x23600000, 0x236423d0, 0x23a50000)
  from space 512K,  99% used [0x23a50000, 0x23acfff8, 0x23ad0000)
  to   space 512K,   0% used [0x23ad0000, 0x23ad0000, 0x23b50000)
 tenured generation   total 10944K, used 1114K [0x28b50000, 0x29600000, 0x33600000)
   the space 10944K,  10% used [0x28b50000, 0x28c669d8, 0x28c66a00, 0x29600000)
 compacting perm gen  total 12288K, used 1455K [0x33600000, 0x34200000, 0x37600000)
   the space 12288K,  11% used [0x33600000, 0x3376bed0, 0x3376c000, 0x34200000)
    ro space 10240K,  44% used [0x37600000, 0x37a7d3d0, 0x37a7d400, 0x38000000)
    rw space 12288K,  52% used [0x38000000, 0x386499e0, 0x38649a00, 0x38c00000)

Card table byte_map: [0x03870000,0x03920000] byte_map_base: 0x03755000

Polling page: 0x003a0000

Code Cache  [0x01870000, 0x01938000, 0x03870000)
 total_blobs=251 nmethods=100 adapters=88 free_code_cache=31999Kb largest_free_block=32767936

Compilation events (10 events):
Event: 0.673 Thread 0x01725000   94             java.lang.CharacterDataLatin1::toUpperCase (53 bytes)
Event: 0.673 Thread 0x01725000 nmethod 94 0x0192ee88 code [0x0192ef80, 0x0192f070]
Event: 0.682 Thread 0x01725000   95             java.lang.String::endsWith (17 bytes)
Event: 0.682 Thread 0x01725000 nmethod 95 0x0192f188 code [0x0192f290, 0x0192f33c]
Event: 0.688 Thread 0x01725000   96             java.lang.ClassLoader::findLoadedClass (16 bytes)
Event: 0.688 Thread 0x01725000 nmethod 96 0x0192f408 code [0x0192f510, 0x0192f5e8]
Event: 0.692 Thread 0x01725000   98             java.net.URL::getPath (5 bytes)
Event: 0.693 Thread 0x01725000 nmethod 98 0x0192f948 code [0x0192fa40, 0x0192fac0]
Event: 0.705 Thread 0x01725000  100             java.lang.AbstractStringBuilder::<init> (12 bytes)
Event: 0.705 Thread 0x01725000 nmethod 100 0x0192fdc8 code [0x0192fec0, 0x0192ffd0]

GC Heap History (4 events):
Event: 0.595 GC heap before
{Heap before GC invocations=0 (full 0):
 def new generation   total 4928K, used 4416K [0x23600000, 0x23b50000, 0x28b50000)
  eden space 4416K, 100% used [0x23600000, 0x23a50000, 0x23a50000)
  from space 512K,   0% used [0x23a50000, 0x23a50000, 0x23ad0000)
  to   space 512K,   0% used [0x23ad0000, 0x23ad0000, 0x23b50000)
 tenured generation   total 10944K, used 0K [0x28b50000, 0x29600000, 0x33600000)
   the space 10944K,   0% used [0x28b50000, 0x28b50000, 0x28b50200, 0x29600000)
 compacting perm gen  total 12288K, used 797K [0x33600000, 0x34200000, 0x37600000)
   the space 12288K,   6% used [0x33600000, 0x336c77a8, 0x336c7800, 0x34200000)
    ro space 10240K,  44% used [0x37600000, 0x37a7d3d0, 0x37a7d400, 0x38000000)
    rw space 12288K,  52% used [0x38000000, 0x386499e0, 0x38649a00, 0x38c00000)
Event: 0.598 GC heap after
Heap after GC invocations=1 (full 0):
 def new generation   total 4928K, used 512K [0x23600000, 0x23b50000, 0x28b50000)
  eden space 4416K,   0% used [0x23600000, 0x23600000, 0x23a50000)
  from space 512K, 100% used [0x23ad0000, 0x23b50000, 0x23b50000)
  to   space 512K,   0% used [0x23a50000, 0x23a50000, 0x23ad0000)
 tenured generation   total 10944K, used 436K [0x28b50000, 0x29600000, 0x33600000)
   the space 10944K,   3% used [0x28b50000, 0x28bbd3e0, 0x28bbd400, 0x29600000)
 compacting perm gen  total 12288K, used 797K [0x33600000, 0x34200000, 0x37600000)
   the space 12288K,   6% used [0x33600000, 0x336c77a8, 0x336c7800, 0x34200000)
    ro space 10240K,  44% used [0x37600000, 0x37a7d3d0, 0x37a7d400, 0x38000000)
    rw space 12288K,  52% used [0x38000000, 0x386499e0, 0x38649a00, 0x38c00000)
}
Event: 0.695 GC heap before
{Heap before GC invocations=1 (full 0):
 def new generation   total 4928K, used 4928K [0x23600000, 0x23b50000, 0x28b50000)
  eden space 4416K, 100% used [0x23600000, 0x23a50000, 0x23a50000)
  from space 512K, 100% used [0x23ad0000, 0x23b50000, 0x23b50000)
  to   space 512K,   0% used [0x23a50000, 0x23a50000, 0x23ad0000)
 tenured generation   total 10944K, used 436K [0x28b50000, 0x29600000, 0x33600000)
   the space 10944K,   3% used [0x28b50000, 0x28bbd3e0, 0x28bbd400, 0x29600000)
 compacting perm gen  total 12288K, used 1369K [0x33600000, 0x34200000, 0x37600000)
   the space 12288K,  11% used [0x33600000, 0x337564f8, 0x33756600, 0x34200000)
    ro space 10240K,  44% used [0x37600000, 0x37a7d3d0, 0x37a7d400, 0x38000000)
    rw space 12288K,  52% used [0x38000000, 0x386499e0, 0x38649a00, 0x38c00000)
Event: 0.699 GC heap after
Heap after GC invocations=2 (full 0):
 def new generation   total 4928K, used 511K [0x23600000, 0x23b50000, 0x28b50000)
  eden space 4416K,   0% used [0x23600000, 0x23600000, 0x23a50000)
  from space 512K,  99% used [0x23a50000, 0x23acfff8, 0x23ad0000)
  to   space 512K,   0% used [0x23ad0000, 0x23ad0000, 0x23b50000)
 tenured generation   total 10944K, used 1114K [0x28b50000, 0x29600000, 0x33600000)
   the space 10944K,  10% used [0x28b50000, 0x28c669d8, 0x28c66a00, 0x29600000)
 compacting perm gen  total 12288K, used 1369K [0x33600000, 0x34200000, 0x37600000)
   the space 12288K,  11% used [0x33600000, 0x337564f8, 0x33756600, 0x34200000)
    ro space 10240K,  44% used [0x37600000, 0x37a7d3d0, 0x37a7d400, 0x38000000)
    rw space 12288K,  52% used [0x38000000, 0x386499e0, 0x38649a00, 0x38c00000)
}

Deoptimization events (0 events):
No events

Internal exceptions (10 events):
Event: 0.702 Thread 0x0051bc00 Threw 0x236176e0 at C:\re\jdk7u80\2061.nc\hotspot\src\share\vm\prims\jvm.cpp:1319
Event: 0.702 Thread 0x0051bc00 Threw 0x23617be0 at C:\re\jdk7u80\2061.nc\hotspot\src\share\vm\prims\jvm.cpp:1319
Event: 0.703 Thread 0x0051bc00 Threw 0x2361e130 at C:\re\jdk7u80\2061.nc\hotspot\src\share\vm\prims\jvm.cpp:1319
Event: 0.703 Thread 0x0051bc00 Threw 0x2361e820 at C:\re\jdk7u80\2061.nc\hotspot\src\share\vm\prims\jvm.cpp:1319
Event: 0.705 Thread 0x0051bc00 Threw 0x236244f0 at C:\re\jdk7u80\2061.nc\hotspot\src\share\vm\interpreter\interpreterRuntime.cpp:347
Event: 0.705 Thread 0x0051bc00 Threw 0x23625af0 at C:\re\jdk7u80\2061.nc\hotspot\src\share\vm\interpreter\interpreterRuntime.cpp:347
Event: 0.706 Thread 0x0051bc00 Threw 0x23626cb0 at C:\re\jdk7u80\2061.nc\hotspot\src\share\vm\prims\jvm.cpp:1319
Event: 0.706 Thread 0x0051bc00 Threw 0x236273d0 at C:\re\jdk7u80\2061.nc\hotspot\src\share\vm\prims\jvm.cpp:1319
Event: 0.707 Thread 0x0051bc00 Threw 0x2362f1a0 at C:\re\jdk7u80\2061.nc\hotspot\src\share\vm\prims\jvm.cpp:1319
Event: 0.707 Thread 0x0051bc00 Threw 0x2362f738 at C:\re\jdk7u80\2061.nc\hotspot\src\share\vm\prims\jvm.cpp:1319

Events (10 events):
Event: 0.705 loading class 0x03e76380 done
Event: 0.705 loading class 0x03e734a0 done
Event: 0.706 loading class 0x04534600
Event: 0.706 loading class 0x04534600 done
Event: 0.706 loading class 0x0454ab78
Event: 0.706 loading class 0x0454ab78 done
Event: 0.707 loading class 0x04551750
Event: 0.707 loading class 0x04551750 done
Event: 0.707 loading class 0x38c07c70
Event: 0.707 loading class 0x38c07c70 done


Dynamic libraries:
0x00230000 - 0x0025f000 	C:\Program Files\Java\jdk1.7.0_80\bin\java.exe
0x76e30000 - 0x76f6c000 	C:\Windows\SYSTEM32\ntdll.dll
0x75ce0000 - 0x75db4000 	C:\Windows\system32\kernel32.dll
0x75210000 - 0x7525a000 	C:\Windows\system32\KERNELBASE.dll
0x75610000 - 0x756b0000 	C:\Windows\system32\ADVAPI32.dll
0x76d80000 - 0x76e2c000 	C:\Windows\system32\msvcrt.dll
0x75380000 - 0x75399000 	C:\Windows\SYSTEM32\sechost.dll
0x75bd0000 - 0x75c71000 	C:\Windows\system32\RPCRT4.dll
0x76bb0000 - 0x76c79000 	C:\Windows\system32\USER32.dll
0x75f10000 - 0x75f5e000 	C:\Windows\system32\GDI32.dll
0x752d0000 - 0x752da000 	C:\Windows\system32\LPK.dll
0x752e0000 - 0x7537d000 	C:\Windows\system32\USP10.dll
0x73dd0000 - 0x73f6e000 	C:\Windows\WinSxS\x86_microsoft.windows.common-controls_6595b64144ccf1df_6.0.7600.16385_none_421189da2b7fabfc\COMCTL32.dll
0x75c80000 - 0x75cd7000 	C:\Windows\system32\SHLWAPI.dll
0x753d0000 - 0x753ef000 	C:\Windows\system32\IMM32.DLL
0x75a70000 - 0x75b3c000 	C:\Windows\system32\MSCTF.dll
0x5c990000 - 0x5ca4f000 	C:\Program Files\Java\jdk1.7.0_80\jre\bin\msvcr100.dll
0x5c010000 - 0x5c39b000 	C:\Program Files\Java\jdk1.7.0_80\jre\bin\client\jvm.dll
0x70ad0000 - 0x70ad7000 	C:\Windows\system32\WSOCK32.dll
0x75290000 - 0x752c5000 	C:\Windows\system32\WS2_32.dll
0x75f00000 - 0x75f06000 	C:\Windows\system32\NSI.dll
0x72560000 - 0x72592000 	C:\Windows\system32\WINMM.dll
0x76f70000 - 0x76f75000 	C:\Windows\system32\PSAPI.DLL
0x6dab0000 - 0x6dabc000 	C:\Program Files\Java\jdk1.7.0_80\jre\bin\verify.dll
0x5cac0000 - 0x5cae1000 	C:\Program Files\Java\jdk1.7.0_80\jre\bin\java.dll
0x6da90000 - 0x6daa3000 	C:\Program Files\Java\jdk1.7.0_80\jre\bin\zip.dll
0x5c970000 - 0x5c984000 	C:\Program Files\Java\jdk1.7.0_80\jre\bin\net.dll
0x74a10000 - 0x74a4c000 	C:\Windows\system32\mswsock.dll
0x74a00000 - 0x74a06000 	C:\Windows\System32\wship6.dll
0x5c960000 - 0x5c96f000 	C:\Program Files\Java\jdk1.7.0_80\jre\bin\nio.dll
0x71ca0000 - 0x71d8b000 	C:\Windows\system32\dbghelp.dll

VM Arguments:
jvm_args: -Dclassworlds.conf=C:\Program Files\NetBeans 8.0.2\java\maven\bin\m2.conf -Dmaven.home=C:\Program Files\NetBeans 8.0.2\java\maven 
java_command: org.codehaus.plexus.classworlds.launcher.Launcher -Dmaven.ext.class.path=C:\Program Files\NetBeans 8.0.2\java\maven-nblib\netbeans-eventspy.jar -Dfile.encoding=UTF-8 install
Launcher Type: SUN_STANDARD

Environment Variables:
JAVA_HOME=C:\Program Files\Java\jdk1.7.0_80
PATH=C:\ProgramData\Oracle\Java\javapath;C:\Program Files\Broadcom\Broadcom 802.11;;C:\Windows\system32;C:\Windows;C:\Windows\System32\Wbem;C:\Windows\System32\WindowsPowerShell\v1.0\;C:\Program Files\Broadcom\Broadcom 802.11\Driver;C:\Program Files\Skype\Phone\
USERNAME=hp
OS=Windows_NT
PROCESSOR_IDENTIFIER=x86 Family 16 Model 6 Stepping 3, AuthenticAMD



---------------  S Y S T E M  ---------------

OS: Windows 7 Build 7600 

CPU:total 2 (2 cores per cpu, 1 threads per core) family 16 model 6 stepping 3, cmov, cx8, fxsr, mmx, sse, sse2, sse3, popcnt, mmxext, 3dnowpref, lzcnt, sse4a, tsc, tscinvbit, tscinv

Memory: 4k page, physical 1825208k(304940k free), swap 4879216k(890212k free)

vm_info: Java HotSpot(TM) Client VM (24.80-b07) for windows-x86 JRE (1.7.0_80-ea-b05), built on Jan 21 2015 02:11:10 by "java_re" with unknown MS VC++:1600

time: Tue Nov 03 14:58:41 2015
elapsed time: 0 seconds

