#
# A fatal error has been detected by the Java Runtime Environment:
#
#  EXCEPTION_ACCESS_VIOLATION (0xc0000005) at pc=0x5e0adea4, pid=4676, tid=4732
#
# JRE version: Java(TM) SE Runtime Environment (7.0_80-b05) (build 1.7.0_80-ea-b05)
# Java VM: Java HotSpot(TM) Client VM (24.80-b07 mixed mode, sharing windows-x86 )
# Problematic frame:
# V  [jvm.dll+0x3dea4]
#
# Failed to write core dump. Minidumps are not enabled by default on client versions of Windows
#
# If you would like to submit a bug report, please visit:
#   http://bugreport.java.com/bugreport/crash.jsp
#

---------------  T H R E A D  ---------------

Current thread (0x005abc00):  JavaThread "main" [_thread_in_vm, id=4732, stack(0x00500000,0x00550000)]

siginfo: ExceptionCode=0xc0000005, reading address 0x0008f4ac

Registers:
EAX=0x38dac76c, EBX=0x00000003, ECX=0x000015c9, EDX=0x124c5c98
ESP=0x0054afe8, EBP=0x0054aff8, ESI=0x0008f4ac, EDI=0x00000039
EIP=0x5e0adea4, EFLAGS=0x00010206

Top of Stack: (sp=0x0054afe8)
0x0054afe8:   00000039 124c5c98 045676ce 00a77cc8
0x0054aff8:   0054b01c 5e0adf7c 000015c9 045676ce
0x0054b008:   00000039 124c5c98 00000039 0000009d
0x0054b018:   045676ce 0054b10c 5e098fa2 045676ce
0x0054b028:   00000039 0054b058 005abc00 005ac68c
0x0054b038:   0054b4f4 0000021d 005abc00 005abc00
0x0054b048:   00000000 5e0fb07e 005abc00 0054b62c
0x0054b058:   124c5c98 00000006 04567307 045674d5 

Instructions: (pc=0x5e0adea4)
0x5e0ade84:   8b 41 04 53 89 4d fc 8b 4d 08 56 8b 34 88 8d 04
0x5e0ade94:   88 33 db 57 85 f6 74 46 8d 64 24 00 8b 55 14 43
0x5e0adea4:   39 16 75 16 8b 45 10 8b 4d 0c 8b 7e 08 50 51 8b
0x5e0adeb4:   cf e8 66 05 08 00 84 c0 75 2f 8b 76 04 83 e6 fe 


Register to memory mapping:

EAX=0x38dac76c is an unknown value
EBX=0x00000003 is an unknown value
ECX=0x000015c9 is an unknown value
EDX=0x124c5c98 is an unknown value
ESP=0x0054afe8 is pointing into the stack for thread: 0x005abc00
EBP=0x0054aff8 is pointing into the stack for thread: 0x005abc00
ESI=0x0008f4ac is an unknown value
EDI=0x00000039 is an unknown value


Stack: [0x00500000,0x00550000],  sp=0x0054afe8,  free space=299k
Native frames: (J=compiled Java code, j=interpreted, Vv=VM code, C=native code)
V  [jvm.dll+0x3dea4]
V  [jvm.dll+0x3df7c]
V  [jvm.dll+0x28fa2]
V  [jvm.dll+0x2adf6]
V  [jvm.dll+0x2f052]
V  [jvm.dll+0x41f37]
V  [jvm.dll+0xf7fbf]
V  [jvm.dll+0xf820b]
C  [java.dll+0x166a]

Java frames: (J=compiled Java code, j=interpreted, Vv=VM code)
j  java.lang.ClassLoader.defineClass1(Ljava/lang/String;[BIILjava/security/ProtectionDomain;Ljava/lang/String;)Ljava/lang/Class;+0
j  java.lang.ClassLoader.defineClass(Ljava/lang/String;[BIILjava/security/ProtectionDomain;)Ljava/lang/Class;+30
j  java.security.SecureClassLoader.defineClass(Ljava/lang/String;[BIILjava/security/CodeSource;)Ljava/lang/Class;+12
j  java.net.URLClassLoader.defineClass(Ljava/lang/String;Lsun/misc/Resource;)Ljava/lang/Class;+220
J 201 C1 java.net.URLClassLoader$1.run()Ljava/lang/Class; (73 bytes) @ 0x01ae6554 [0x01ae64d0+0x84]
J 200 C1 java.net.URLClassLoader$1.run()Ljava/lang/Object; (5 bytes) @ 0x01ae62a0 [0x01ae6280+0x20]
v  ~StubRoutines::call_stub
J 199  java.security.AccessController.doPrivileged(Ljava/security/PrivilegedExceptionAction;Ljava/security/AccessControlContext;)Ljava/lang/Object; (0 bytes) @ 0x01ae5e47 [0x01ae5de0+0x67]
J 219 C1 java.net.URLClassLoader.findClass(Ljava/lang/String;)Ljava/lang/Class; (29 bytes) @ 0x01aec5d0 [0x01aec550+0x80]
j  org.codehaus.plexus.classworlds.realm.ClassRealm.loadClassFromSelf(Ljava/lang/String;)Ljava/lang/Class;+12
j  org.codehaus.plexus.classworlds.strategy.SelfFirstStrategy.loadClass(Ljava/lang/String;)Ljava/lang/Class;+18
J 394 C1 org.codehaus.plexus.classworlds.realm.ClassRealm.loadClass(Ljava/lang/String;)Ljava/lang/Class; (7 bytes) @ 0x01b16a3c [0x01b168e0+0x15c]
j  org.codehaus.plexus.classworlds.realm.ClassRealm.loadClassFromParent(Ljava/lang/String;)Ljava/lang/Class;+19
j  org.codehaus.plexus.classworlds.strategy.SelfFirstStrategy.loadClass(Ljava/lang/String;)Ljava/lang/Class;+31
J 394 C1 org.codehaus.plexus.classworlds.realm.ClassRealm.loadClass(Ljava/lang/String;)Ljava/lang/Class; (7 bytes) @ 0x01b16a3c [0x01b168e0+0x15c]
j  org.sonatype.guice.bean.reflect.URLClassSpace.loadClass(Ljava/lang/String;)Ljava/lang/Class;+5
j  org.sonatype.guice.bean.reflect.NamedClass.load()Ljava/lang/Class;+8
j  org.sonatype.guice.bean.reflect.AbstractDeferredClass.get()Ljava/lang/Object;+5
j  com.google.inject.internal.ProviderInternalFactory.provision(Ljavax/inject/Provider;Lcom/google/inject/internal/Errors;Lcom/google/inject/spi/Dependency;Lcom/google/inject/internal/ConstructionContext;)Ljava/lang/Object;+7
j  com.google.inject.internal.InternalFactoryToInitializableAdapter.provision(Ljavax/inject/Provider;Lcom/google/inject/internal/Errors;Lcom/google/inject/spi/Dependency;Lcom/google/inject/internal/ConstructionContext;)Ljava/lang/Object;+6
j  com.google.inject.internal.ProviderInternalFactory$1.call()Ljava/lang/Object;+20
j  com.google.inject.internal.ProvisionListenerStackCallback$Provision.provision()Ljava/lang/Object;+30
j  com.google.inject.internal.ProvisionListenerStackCallback$Provision.provision()Ljava/lang/Object;+135
j  com.google.inject.internal.ProvisionListenerStackCallback.provision(Lcom/google/inject/internal/Errors;Lcom/google/inject/internal/InternalContext;Lcom/google/inject/internal/ProvisionListenerStackCallback$ProvisionCallback;)Ljava/lang/Object;+18
j  com.google.inject.internal.ProviderInternalFactory.circularGet(Ljavax/inject/Provider;Lcom/google/inject/internal/Errors;Lcom/google/inject/internal/InternalContext;Lcom/google/inject/spi/Dependency;Z)Ljava/lang/Object;+99
j  com.google.inject.internal.InternalFactoryToInitializableAdapter.get(Lcom/google/inject/internal/Errors;Lcom/google/inject/internal/InternalContext;Lcom/google/inject/spi/Dependency;Z)Ljava/lang/Object;+19
j  com.google.inject.internal.ProviderToInternalFactoryAdapter$1.call(Lcom/google/inject/internal/InternalContext;)Ljava/lang/Object;+19
j  com.google.inject.internal.InjectorImpl.callInContext(Lcom/google/inject/internal/ContextualCallable;)Ljava/lang/Object;+62
j  com.google.inject.internal.ProviderToInternalFactoryAdapter.get()Ljava/lang/Object;+21
j  com.google.inject.Scopes$1$1.get()Ljava/lang/Object;+22
j  com.google.inject.internal.InternalFactoryToProviderAdapter.get(Lcom/google/inject/internal/Errors;Lcom/google/inject/internal/InternalContext;Lcom/google/inject/spi/Dependency;Z)Ljava/lang/Object;+5
j  com.google.inject.internal.InjectorImpl$3$1.call(Lcom/google/inject/internal/InternalContext;)Ljava/lang/Object;+45
j  com.google.inject.internal.InjectorImpl.callInContext(Lcom/google/inject/internal/ContextualCallable;)Ljava/lang/Object;+62
j  com.google.inject.internal.InjectorImpl$3.get()Ljava/lang/Object;+25
j  org.sonatype.guice.bean.locators.LazyBeanEntry.getValue()Ljava/lang/Object;+4
j  org.sonatype.guice.plexus.locators.LazyPlexusBean.getValue()Ljava/lang/Object;+4
j  org.sonatype.guice.plexus.binders.PlexusRequirements$RequirementProvider.get()Ljava/lang/Object;+28
j  org.sonatype.guice.plexus.binders.ProvidedPropertyBinding.injectProperty(Ljava/lang/Object;)V+9
j  org.sonatype.guice.bean.inject.BeanInjector.injectMembers(Ljava/lang/Object;)V+26
j  com.google.inject.internal.MembersInjectorImpl.injectMembers(Ljava/lang/Object;Lcom/google/inject/internal/Errors;Lcom/google/inject/internal/InternalContext;Z)V+108
j  com.google.inject.internal.ConstructorInjector.provision(Lcom/google/inject/internal/Errors;Lcom/google/inject/internal/InternalContext;Lcom/google/inject/internal/ConstructionContext;)Ljava/lang/Object;+65
j  com.google.inject.internal.ConstructorInjector.access$000(Lcom/google/inject/internal/ConstructorInjector;Lcom/google/inject/internal/Errors;Lcom/google/inject/internal/InternalContext;Lcom/google/inject/internal/ConstructionContext;)Ljava/lang/Object;+4
j  com.google.inject.internal.ConstructorInjector$1.call()Ljava/lang/Object;+16
j  com.google.inject.internal.ProvisionListenerStackCallback$Provision.provision()Ljava/lang/Object;+30
j  com.google.inject.internal.ProvisionListenerStackCallback$Provision.provision()Ljava/lang/Object;+135
j  com.google.inject.internal.ProvisionListenerStackCallback.provision(Lcom/google/inject/internal/Errors;Lcom/google/inject/internal/InternalContext;Lcom/google/inject/internal/ProvisionListenerStackCallback$ProvisionCallback;)Ljava/lang/Object;+18
j  com.google.inject.internal.ConstructorInjector.construct(Lcom/google/inject/internal/Errors;Lcom/google/inject/internal/InternalContext;Ljava/lang/Class;ZLcom/google/inject/internal/ProvisionListenerStackCallback;)Ljava/lang/Object;+94
j  com.google.inject.internal.ConstructorBindingImpl$Factory.get(Lcom/google/inject/internal/Errors;Lcom/google/inject/internal/InternalContext;Lcom/google/inject/spi/Dependency;Z)Ljava/lang/Object;+65
j  com.google.inject.internal.InjectorImpl$3$1.call(Lcom/google/inject/internal/InternalContext;)Ljava/lang/Object;+45
j  com.google.inject.internal.InjectorImpl.callInContext(Lcom/google/inject/internal/ContextualCallable;)Ljava/lang/Object;+62
j  com.google.inject.internal.InjectorImpl$3.get()Ljava/lang/Object;+25
j  com.google.inject.internal.InjectorImpl.getInstance(Ljava/lang/Class;)Ljava/lang/Object;+5
j  org.sonatype.guice.bean.reflect.AbstractDeferredClass.get()Ljava/lang/Object;+8
j  com.google.inject.internal.ProviderInternalFactory.provision(Ljavax/inject/Provider;Lcom/google/inject/internal/Errors;Lcom/google/inject/spi/Dependency;Lcom/google/inject/internal/ConstructionContext;)Ljava/lang/Object;+7
j  com.google.inject.internal.InternalFactoryToInitializableAdapter.provision(Ljavax/inject/Provider;Lcom/google/inject/internal/Errors;Lcom/google/inject/spi/Dependency;Lcom/google/inject/internal/ConstructionContext;)Ljava/lang/Object;+6
j  com.google.inject.internal.ProviderInternalFactory$1.call()Ljava/lang/Object;+20
j  com.google.inject.internal.ProvisionListenerStackCallback$Provision.provision()Ljava/lang/Object;+30
j  com.google.inject.internal.ProvisionListenerStackCallback$Provision.provision()Ljava/lang/Object;+135
j  com.google.inject.internal.ProvisionListenerStackCallback.provision(Lcom/google/inject/internal/Errors;Lcom/google/inject/internal/InternalContext;Lcom/google/inject/internal/ProvisionListenerStackCallback$ProvisionCallback;)Ljava/lang/Object;+18
j  com.google.inject.internal.ProviderInternalFactory.circularGet(Ljavax/inject/Provider;Lcom/google/inject/internal/Errors;Lcom/google/inject/internal/InternalContext;Lcom/google/inject/spi/Dependency;Z)Ljava/lang/Object;+99
j  com.google.inject.internal.InternalFactoryToInitializableAdapter.get(Lcom/google/inject/internal/Errors;Lcom/google/inject/internal/InternalContext;Lcom/google/inject/spi/Dependency;Z)Ljava/lang/Object;+19
j  com.google.inject.internal.ProviderToInternalFactoryAdapter$1.call(Lcom/google/inject/internal/InternalContext;)Ljava/lang/Object;+19
j  com.google.inject.internal.InjectorImpl.callInContext(Lcom/google/inject/internal/ContextualCallable;)Ljava/lang/Object;+62
j  com.google.inject.internal.ProviderToInternalFactoryAdapter.get()Ljava/lang/Object;+21
j  com.google.inject.Scopes$1$1.get()Ljava/lang/Object;+22
j  com.google.inject.internal.InternalFactoryToProviderAdapter.get(Lcom/google/inject/internal/Errors;Lcom/google/inject/internal/InternalContext;Lcom/google/inject/spi/Dependency;Z)Ljava/lang/Object;+5
j  com.google.inject.internal.InjectorImpl$3$1.call(Lcom/google/inject/internal/InternalContext;)Ljava/lang/Object;+45
j  com.google.inject.internal.InjectorImpl.callInContext(Lcom/google/inject/internal/ContextualCallable;)Ljava/lang/Object;+62
j  com.google.inject.internal.InjectorImpl$3.get()Ljava/lang/Object;+25
j  org.sonatype.guice.bean.locators.LazyBeanEntry.getValue()Ljava/lang/Object;+4
j  org.sonatype.guice.plexus.locators.LazyPlexusBean.getValue()Ljava/lang/Object;+4
j  org.sonatype.guice.plexus.binders.PlexusRequirements$RequirementProvider.get()Ljava/lang/Object;+28
j  org.sonatype.guice.plexus.binders.ProvidedPropertyBinding.injectProperty(Ljava/lang/Object;)V+9
j  org.sonatype.guice.bean.inject.BeanInjector.injectMembers(Ljava/lang/Object;)V+26
j  com.google.inject.internal.MembersInjectorImpl.injectMembers(Ljava/lang/Object;Lcom/google/inject/internal/Errors;Lcom/google/inject/internal/InternalContext;Z)V+108
j  com.google.inject.internal.ConstructorInjector.provision(Lcom/google/inject/internal/Errors;Lcom/google/inject/internal/InternalContext;Lcom/google/inject/internal/ConstructionContext;)Ljava/lang/Object;+65
j  com.google.inject.internal.ConstructorInjector.access$000(Lcom/google/inject/internal/ConstructorInjector;Lcom/google/inject/internal/Errors;Lcom/google/inject/internal/InternalContext;Lcom/google/inject/internal/ConstructionContext;)Ljava/lang/Object;+4
j  com.google.inject.internal.ConstructorInjector$1.call()Ljava/lang/Object;+16
j  com.google.inject.internal.ProvisionListenerStackCallback$Provision.provision()Ljava/lang/Object;+30
j  com.google.inject.internal.ProvisionListenerStackCallback$Provision.provision()Ljava/lang/Object;+135
j  com.google.inject.internal.ProvisionListenerStackCallback.provision(Lcom/google/inject/internal/Errors;Lcom/google/inject/internal/InternalContext;Lcom/google/inject/internal/ProvisionListenerStackCallback$ProvisionCallback;)Ljava/lang/Object;+18
j  com.google.inject.internal.ConstructorInjector.construct(Lcom/google/inject/internal/Errors;Lcom/google/inject/internal/InternalContext;Ljava/lang/Class;ZLcom/google/inject/internal/ProvisionListenerStackCallback;)Ljava/lang/Object;+94
j  com.google.inject.internal.ConstructorBindingImpl$Factory.get(Lcom/google/inject/internal/Errors;Lcom/google/inject/internal/InternalContext;Lcom/google/inject/spi/Dependency;Z)Ljava/lang/Object;+65
j  com.google.inject.internal.InjectorImpl$3$1.call(Lcom/google/inject/internal/InternalContext;)Ljava/lang/Object;+45
j  com.google.inject.internal.InjectorImpl.callInContext(Lcom/google/inject/internal/ContextualCallable;)Ljava/lang/Object;+62
j  com.google.inject.internal.InjectorImpl$3.get()Ljava/lang/Object;+25
j  com.google.inject.internal.InjectorImpl.getInstance(Ljava/lang/Class;)Ljava/lang/Object;+5
j  org.sonatype.guice.bean.reflect.AbstractDeferredClass.get()Ljava/lang/Object;+8
j  com.google.inject.internal.ProviderInternalFactory.provision(Ljavax/inject/Provider;Lcom/google/inject/internal/Errors;Lcom/google/inject/spi/Dependency;Lcom/google/inject/internal/ConstructionContext;)Ljava/lang/Object;+7
j  com.google.inject.internal.InternalFactoryToInitializableAdapter.provision(Ljavax/inject/Provider;Lcom/google/inject/internal/Errors;Lcom/google/inject/spi/Dependency;Lcom/google/inject/internal/ConstructionContext;)Ljava/lang/Object;+6
j  com.google.inject.internal.ProviderInternalFactory$1.call()Ljava/lang/Object;+20
j  com.google.inject.internal.ProvisionListenerStackCallback$Provision.provision()Ljava/lang/Object;+30
j  com.google.inject.internal.ProvisionListenerStackCallback$Provision.provision()Ljava/lang/Object;+135
j  com.google.inject.internal.ProvisionListenerStackCallback.provision(Lcom/google/inject/internal/Errors;Lcom/google/inject/internal/InternalContext;Lcom/google/inject/internal/ProvisionListenerStackCallback$ProvisionCallback;)Ljava/lang/Object;+18
j  com.google.inject.internal.ProviderInternalFactory.circularGet(Ljavax/inject/Provider;Lcom/google/inject/internal/Errors;Lcom/google/inject/internal/InternalContext;Lcom/google/inject/spi/Dependency;Z)Ljava/lang/Object;+99
j  com.google.inject.internal.InternalFactoryToInitializableAdapter.get(Lcom/google/inject/internal/Errors;Lcom/google/inject/internal/InternalContext;Lcom/google/inject/spi/Dependency;Z)Ljava/lang/Object;+19
j  com.google.inject.internal.ProviderToInternalFactoryAdapter$1.call(Lcom/google/inject/internal/InternalContext;)Ljava/lang/Object;+19
j  com.google.inject.internal.InjectorImpl.callInContext(Lcom/google/inject/internal/ContextualCallable;)Ljava/lang/Object;+62
j  com.google.inject.internal.ProviderToInternalFactoryAdapter.get()Ljava/lang/Object;+21
j  com.google.inject.Scopes$1$1.get()Ljava/lang/Object;+22
j  com.google.inject.internal.InternalFactoryToProviderAdapter.get(Lcom/google/inject/internal/Errors;Lcom/google/inject/internal/InternalContext;Lcom/google/inject/spi/Dependency;Z)Ljava/lang/Object;+5
j  com.google.inject.internal.InjectorImpl$3$1.call(Lcom/google/inject/internal/InternalContext;)Ljava/lang/Object;+45
j  com.google.inject.internal.InjectorImpl.callInContext(Lcom/google/inject/internal/ContextualCallable;)Ljava/lang/Object;+62
j  com.google.inject.internal.InjectorImpl$3.get()Ljava/lang/Object;+25
j  org.sonatype.guice.bean.locators.LazyBeanEntry.getValue()Ljava/lang/Object;+4
j  org.sonatype.guice.plexus.locators.LazyPlexusBean.getValue()Ljava/lang/Object;+4
j  org.sonatype.guice.plexus.binders.PlexusRequirements$RequirementProvider.get()Ljava/lang/Object;+28
j  org.sonatype.guice.plexus.binders.ProvidedPropertyBinding.injectProperty(Ljava/lang/Object;)V+9
j  org.sonatype.guice.bean.inject.BeanInjector.injectMembers(Ljava/lang/Object;)V+26
j  com.google.inject.internal.MembersInjectorImpl.injectMembers(Ljava/lang/Object;Lcom/google/inject/internal/Errors;Lcom/google/inject/internal/InternalContext;Z)V+108
j  com.google.inject.internal.ConstructorInjector.provision(Lcom/google/inject/internal/Errors;Lcom/google/inject/internal/InternalContext;Lcom/google/inject/internal/ConstructionContext;)Ljava/lang/Object;+65
j  com.google.inject.internal.ConstructorInjector.access$000(Lcom/google/inject/internal/ConstructorInjector;Lcom/google/inject/internal/Errors;Lcom/google/inject/internal/InternalContext;Lcom/google/inject/internal/ConstructionContext;)Ljava/lang/Object;+4
j  com.google.inject.internal.ConstructorInjector$1.call()Ljava/lang/Object;+16
j  com.google.inject.internal.ProvisionListenerStackCallback$Provision.provision()Ljava/lang/Object;+30
j  com.google.inject.internal.ProvisionListenerStackCallback$Provision.provision()Ljava/lang/Object;+135
j  com.google.inject.internal.ProvisionListenerStackCallback.provision(Lcom/google/inject/internal/Errors;Lcom/google/inject/internal/InternalContext;Lcom/google/inject/internal/ProvisionListenerStackCallback$ProvisionCallback;)Ljava/lang/Object;+18
j  com.google.inject.internal.ConstructorInjector.construct(Lcom/google/inject/internal/Errors;Lcom/google/inject/internal/InternalContext;Ljava/lang/Class;ZLcom/google/inject/internal/ProvisionListenerStackCallback;)Ljava/lang/Object;+94
j  com.google.inject.internal.ConstructorBindingImpl$Factory.get(Lcom/google/inject/internal/Errors;Lcom/google/inject/internal/InternalContext;Lcom/google/inject/spi/Dependency;Z)Ljava/lang/Object;+65
j  com.google.inject.internal.InjectorImpl$3$1.call(Lcom/google/inject/internal/InternalContext;)Ljava/lang/Object;+45
j  com.google.inject.internal.InjectorImpl.callInContext(Lcom/google/inject/internal/ContextualCallable;)Ljava/lang/Object;+62
j  com.google.inject.internal.InjectorImpl$3.get()Ljava/lang/Object;+25
j  com.google.inject.internal.InjectorImpl.getInstance(Ljava/lang/Class;)Ljava/lang/Object;+5
j  org.sonatype.guice.bean.reflect.AbstractDeferredClass.get()Ljava/lang/Object;+8
j  com.google.inject.internal.ProviderInternalFactory.provision(Ljavax/inject/Provider;Lcom/google/inject/internal/Errors;Lcom/google/inject/spi/Dependency;Lcom/google/inject/internal/ConstructionContext;)Ljava/lang/Object;+7
j  com.google.inject.internal.InternalFactoryToInitializableAdapter.provision(Ljavax/inject/Provider;Lcom/google/inject/internal/Errors;Lcom/google/inject/spi/Dependency;Lcom/google/inject/internal/ConstructionContext;)Ljava/lang/Object;+6
j  com.google.inject.internal.ProviderInternalFactory$1.call()Ljava/lang/Object;+20
j  com.google.inject.internal.ProvisionListenerStackCallback$Provision.provision()Ljava/lang/Object;+30
j  com.google.inject.internal.ProvisionListenerStackCallback$Provision.provision()Ljava/lang/Object;+135
j  com.google.inject.internal.ProvisionListenerStackCallback.provision(Lcom/google/inject/internal/Errors;Lcom/google/inject/internal/InternalContext;Lcom/google/inject/internal/ProvisionListenerStackCallback$ProvisionCallback;)Ljava/lang/Object;+18
j  com.google.inject.internal.ProviderInternalFactory.circularGet(Ljavax/inject/Provider;Lcom/google/inject/internal/Errors;Lcom/google/inject/internal/InternalContext;Lcom/google/inject/spi/Dependency;Z)Ljava/lang/Object;+99
j  com.google.inject.internal.InternalFactoryToInitializableAdapter.get(Lcom/google/inject/internal/Errors;Lcom/google/inject/internal/InternalContext;Lcom/google/inject/spi/Dependency;Z)Ljava/lang/Object;+19
j  com.google.inject.internal.ProviderToInternalFactoryAdapter$1.call(Lcom/google/inject/internal/InternalContext;)Ljava/lang/Object;+19
j  com.google.inject.internal.InjectorImpl.callInContext(Lcom/google/inject/internal/ContextualCallable;)Ljava/lang/Object;+62
j  com.google.inject.internal.ProviderToInternalFactoryAdapter.get()Ljava/lang/Object;+21
j  com.google.inject.Scopes$1$1.get()Ljava/lang/Object;+22
j  com.google.inject.internal.InternalFactoryToProviderAdapter.get(Lcom/google/inject/internal/Errors;Lcom/google/inject/internal/InternalContext;Lcom/google/inject/spi/Dependency;Z)Ljava/lang/Object;+5
j  com.google.inject.internal.InjectorImpl$3$1.call(Lcom/google/inject/internal/InternalContext;)Ljava/lang/Object;+45
j  com.google.inject.internal.InjectorImpl.callInContext(Lcom/google/inject/internal/ContextualCallable;)Ljava/lang/Object;+62
j  com.google.inject.internal.InjectorImpl$3.get()Ljava/lang/Object;+25
j  org.sonatype.guice.bean.locators.LazyBeanEntry.getValue()Ljava/lang/Object;+4
j  org.sonatype.guice.plexus.locators.LazyPlexusBean.getValue()Ljava/lang/Object;+4
j  org.sonatype.guice.plexus.binders.PlexusRequirements$RequirementProvider.get()Ljava/lang/Object;+28
j  org.sonatype.guice.plexus.binders.ProvidedPropertyBinding.injectProperty(Ljava/lang/Object;)V+9
j  org.sonatype.guice.bean.inject.BeanInjector.injectMembers(Ljava/lang/Object;)V+26
j  com.google.inject.internal.MembersInjectorImpl.injectMembers(Ljava/lang/Object;Lcom/google/inject/internal/Errors;Lcom/google/inject/internal/InternalContext;Z)V+108
j  com.google.inject.internal.ConstructorInjector.provision(Lcom/google/inject/internal/Errors;Lcom/google/inject/internal/InternalContext;Lcom/google/inject/internal/ConstructionContext;)Ljava/lang/Object;+65
j  com.google.inject.internal.ConstructorInjector.access$000(Lcom/google/inject/internal/ConstructorInjector;Lcom/google/inject/internal/Errors;Lcom/google/inject/internal/InternalContext;Lcom/google/inject/internal/ConstructionContext;)Ljava/lang/Object;+4
j  com.google.inject.internal.ConstructorInjector$1.call()Ljava/lang/Object;+16
j  com.google.inject.internal.ProvisionListenerStackCallback$Provision.provision()Ljava/lang/Object;+30
j  com.google.inject.internal.ProvisionListenerStackCallback$Provision.provision()Ljava/lang/Object;+135
j  com.google.inject.internal.ProvisionListenerStackCallback.provision(Lcom/google/inject/internal/Errors;Lcom/google/inject/internal/InternalContext;Lcom/google/inject/internal/ProvisionListenerStackCallback$ProvisionCallback;)Ljava/lang/Object;+18
j  com.google.inject.internal.ConstructorInjector.construct(Lcom/google/inject/internal/Errors;Lcom/google/inject/internal/InternalContext;Ljava/lang/Class;ZLcom/google/inject/internal/ProvisionListenerStackCallback;)Ljava/lang/Object;+94
j  com.google.inject.internal.ConstructorBindingImpl$Factory.get(Lcom/google/inject/internal/Errors;Lcom/google/inject/internal/InternalContext;Lcom/google/inject/spi/Dependency;Z)Ljava/lang/Object;+65
j  com.google.inject.internal.InjectorImpl$3$1.call(Lcom/google/inject/internal/InternalContext;)Ljava/lang/Object;+45
j  com.google.inject.internal.InjectorImpl.callInContext(Lcom/google/inject/internal/ContextualCallable;)Ljava/lang/Object;+62
j  com.google.inject.internal.InjectorImpl$3.get()Ljava/lang/Object;+25
j  com.google.inject.internal.InjectorImpl.getInstance(Ljava/lang/Class;)Ljava/lang/Object;+5
j  org.sonatype.guice.bean.reflect.AbstractDeferredClass.get()Ljava/lang/Object;+8
j  com.google.inject.internal.ProviderInternalFactory.provision(Ljavax/inject/Provider;Lcom/google/inject/internal/Errors;Lcom/google/inject/spi/Dependency;Lcom/google/inject/internal/ConstructionContext;)Ljava/lang/Object;+7
j  com.google.inject.internal.InternalFactoryToInitializableAdapter.provision(Ljavax/inject/Provider;Lcom/google/inject/internal/Errors;Lcom/google/inject/spi/Dependency;Lcom/google/inject/internal/ConstructionContext;)Ljava/lang/Object;+6
j  com.google.inject.internal.ProviderInternalFactory$1.call()Ljava/lang/Object;+20
j  com.google.inject.internal.ProvisionListenerStackCallback$Provision.provision()Ljava/lang/Object;+30
j  com.google.inject.internal.ProvisionListenerStackCallback$Provision.provision()Ljava/lang/Object;+135
j  com.google.inject.internal.ProvisionListenerStackCallback.provision(Lcom/google/inject/internal/Errors;Lcom/google/inject/internal/InternalContext;Lcom/google/inject/internal/ProvisionListenerStackCallback$ProvisionCallback;)Ljava/lang/Object;+18
j  com.google.inject.internal.ProviderInternalFactory.circularGet(Ljavax/inject/Provider;Lcom/google/inject/internal/Errors;Lcom/google/inject/internal/InternalContext;Lcom/google/inject/spi/Dependency;Z)Ljava/lang/Object;+99
j  com.google.inject.internal.InternalFactoryToInitializableAdapter.get(Lcom/google/inject/internal/Errors;Lcom/google/inject/internal/InternalContext;Lcom/google/inject/spi/Dependency;Z)Ljava/lang/Object;+19
j  com.google.inject.internal.ProviderToInternalFactoryAdapter$1.call(Lcom/google/inject/internal/InternalContext;)Ljava/lang/Object;+19
j  com.google.inject.internal.InjectorImpl.callInContext(Lcom/google/inject/internal/ContextualCallable;)Ljava/lang/Object;+62
j  com.google.inject.internal.ProviderToInternalFactoryAdapter.get()Ljava/lang/Object;+21
j  com.google.inject.Scopes$1$1.get()Ljava/lang/Object;+22
j  com.google.inject.internal.InternalFactoryToProviderAdapter.get(Lcom/google/inject/internal/Errors;Lcom/google/inject/internal/InternalContext;Lcom/google/inject/spi/Dependency;Z)Ljava/lang/Object;+5
j  com.google.inject.internal.InjectorImpl$3$1.call(Lcom/google/inject/internal/InternalContext;)Ljava/lang/Object;+45
j  com.google.inject.internal.InjectorImpl.callInContext(Lcom/google/inject/internal/ContextualCallable;)Ljava/lang/Object;+62
j  com.google.inject.internal.InjectorImpl$3.get()Ljava/lang/Object;+25
j  org.sonatype.guice.bean.locators.LazyBeanEntry.getValue()Ljava/lang/Object;+4
j  org.sonatype.guice.plexus.locators.LazyPlexusBean.getValue()Ljava/lang/Object;+4
j  org.sonatype.guice.plexus.binders.PlexusRequirements$RequirementProvider.get()Ljava/lang/Object;+28
j  org.sonatype.guice.plexus.binders.ProvidedPropertyBinding.injectProperty(Ljava/lang/Object;)V+9
j  org.sonatype.guice.bean.inject.BeanInjector.injectMembers(Ljava/lang/Object;)V+26
j  com.google.inject.internal.MembersInjectorImpl.injectMembers(Ljava/lang/Object;Lcom/google/inject/internal/Errors;Lcom/google/inject/internal/InternalContext;Z)V+108
j  com.google.inject.internal.ConstructorInjector.provision(Lcom/google/inject/internal/Errors;Lcom/google/inject/internal/InternalContext;Lcom/google/inject/internal/ConstructionContext;)Ljava/lang/Object;+65
j  com.google.inject.internal.ConstructorInjector.access$000(Lcom/google/inject/internal/ConstructorInjector;Lcom/google/inject/internal/Errors;Lcom/google/inject/internal/InternalContext;Lcom/google/inject/internal/ConstructionContext;)Ljava/lang/Object;+4
j  com.google.inject.internal.ConstructorInjector$1.call()Ljava/lang/Object;+16
j  com.google.inject.internal.ProvisionListenerStackCallback$Provision.provision()Ljava/lang/Object;+30
j  com.google.inject.internal.ProvisionListenerStackCallback$Provision.provision()Ljava/lang/Object;+135
j  com.google.inject.internal.ProvisionListenerStackCallback.provision(Lcom/google/inject/internal/Errors;Lcom/google/inject/internal/InternalContext;Lcom/google/inject/internal/ProvisionListenerStackCallback$ProvisionCallback;)Ljava/lang/Object;+18
j  com.google.inject.internal.ConstructorInjector.construct(Lcom/google/inject/internal/Errors;Lcom/google/inject/internal/InternalContext;Ljava/lang/Class;ZLcom/google/inject/internal/ProvisionListenerStackCallback;)Ljava/lang/Object;+94
j  com.google.inject.internal.ConstructorBindingImpl$Factory.get(Lcom/google/inject/internal/Errors;Lcom/google/inject/internal/InternalContext;Lcom/google/inject/spi/Dependency;Z)Ljava/lang/Object;+65
j  com.google.inject.internal.InjectorImpl$3$1.call(Lcom/google/inject/internal/InternalContext;)Ljava/lang/Object;+45
j  com.google.inject.internal.InjectorImpl.callInContext(Lcom/google/inject/internal/ContextualCallable;)Ljava/lang/Object;+62
j  com.google.inject.internal.InjectorImpl$3.get()Ljava/lang/Object;+25
j  com.google.inject.internal.InjectorImpl.getInstance(Ljava/lang/Class;)Ljava/lang/Object;+5
j  org.sonatype.guice.bean.reflect.AbstractDeferredClass.get()Ljava/lang/Object;+8
j  com.google.inject.internal.ProviderInternalFactory.provision(Ljavax/inject/Provider;Lcom/google/inject/internal/Errors;Lcom/google/inject/spi/Dependency;Lcom/google/inject/internal/ConstructionContext;)Ljava/lang/Object;+7
j  com.google.inject.internal.InternalFactoryToInitializableAdapter.provision(Ljavax/inject/Provider;Lcom/google/inject/internal/Errors;Lcom/google/inject/spi/Dependency;Lcom/google/inject/internal/ConstructionContext;)Ljava/lang/Object;+6
j  com.google.inject.internal.ProviderInternalFactory$1.call()Ljava/lang/Object;+20
j  com.google.inject.internal.ProvisionListenerStackCallback$Provision.provision()Ljava/lang/Object;+30
j  org.sonatype.guice.plexus.lifecycles.PlexusLifecycleManager.onProvision(Lcom/google/inject/spi/ProvisionListener$ProvisionInvocation;)V+24
j  com.google.inject.internal.ProvisionListenerStackCallback$Provision.provision()Ljava/lang/Object;+102
j  com.google.inject.internal.ProvisionListenerStackCallback.provision(Lcom/google/inject/internal/Errors;Lcom/google/inject/internal/InternalContext;Lcom/google/inject/internal/ProvisionListenerStackCallback$ProvisionCallback;)Ljava/lang/Object;+18
j  com.google.inject.internal.ProviderInternalFactory.circularGet(Ljavax/inject/Provider;Lcom/google/inject/internal/Errors;Lcom/google/inject/internal/InternalContext;Lcom/google/inject/spi/Dependency;Z)Ljava/lang/Object;+99
j  com.google.inject.internal.InternalFactoryToInitializableAdapter.get(Lcom/google/inject/internal/Errors;Lcom/google/inject/internal/InternalContext;Lcom/google/inject/spi/Dependency;Z)Ljava/lang/Object;+19
j  com.google.inject.internal.ProviderToInternalFactoryAdapter$1.call(Lcom/google/inject/internal/InternalContext;)Ljava/lang/Object;+19
j  com.google.inject.internal.InjectorImpl.callInContext(Lcom/google/inject/internal/ContextualCallable;)Ljava/lang/Object;+62
j  com.google.inject.internal.ProviderToInternalFactoryAdapter.get()Ljava/lang/Object;+21
j  com.google.inject.Scopes$1$1.get()Ljava/lang/Object;+22
j  com.google.inject.internal.InternalFactoryToProviderAdapter.get(Lcom/google/inject/internal/Errors;Lcom/google/inject/internal/InternalContext;Lcom/google/inject/spi/Dependency;Z)Ljava/lang/Object;+5
j  com.google.inject.internal.InjectorImpl$3$1.call(Lcom/google/inject/internal/InternalContext;)Ljava/lang/Object;+45
j  com.google.inject.internal.InjectorImpl.callInContext(Lcom/google/inject/internal/ContextualCallable;)Ljava/lang/Object;+34
j  com.google.inject.internal.InjectorImpl$3.get()Ljava/lang/Object;+25
j  org.sonatype.guice.bean.locators.LazyBeanEntry.getValue()Ljava/lang/Object;+4
j  org.sonatype.guice.plexus.locators.LazyPlexusBean.getValue()Ljava/lang/Object;+4
j  org.codehaus.plexus.DefaultPlexusContainer.lookup(Ljava/lang/Class;Ljava/lang/String;Ljava/lang/String;)Ljava/lang/Object;+27
j  org.codehaus.plexus.DefaultPlexusContainer.lookup(Ljava/lang/Class;Ljava/lang/String;)Ljava/lang/Object;+4
j  org.codehaus.plexus.DefaultPlexusContainer.lookup(Ljava/lang/Class;)Ljava/lang/Object;+4
j  org.apache.maven.cli.MavenCli.container(Lorg/apache/maven/cli/MavenCli$CliRequest;)V+282
j  org.apache.maven.cli.MavenCli.doMain(Lorg/apache/maven/cli/MavenCli$CliRequest;)I+27
j  org.apache.maven.cli.MavenCli.main([Ljava/lang/String;Lorg/codehaus/plexus/classworlds/ClassWorld;)I+18
v  ~StubRoutines::call_stub
j  sun.reflect.NativeMethodAccessorImpl.invoke0(Ljava/lang/reflect/Method;Ljava/lang/Object;[Ljava/lang/Object;)Ljava/lang/Object;+0
j  sun.reflect.NativeMethodAccessorImpl.invoke(Ljava/lang/Object;[Ljava/lang/Object;)Ljava/lang/Object;+87
j  sun.reflect.DelegatingMethodAccessorImpl.invoke(Ljava/lang/Object;[Ljava/lang/Object;)Ljava/lang/Object;+6
j  java.lang.reflect.Method.invoke(Ljava/lang/Object;[Ljava/lang/Object;)Ljava/lang/Object;+57
j  org.codehaus.plexus.classworlds.launcher.Launcher.launchEnhanced([Ljava/lang/String;)V+45
j  org.codehaus.plexus.classworlds.launcher.Launcher.launch([Ljava/lang/String;)V+2
j  org.codehaus.plexus.classworlds.launcher.Launcher.mainWithExitCode([Ljava/lang/String;)I+97
j  org.codehaus.plexus.classworlds.launcher.Launcher.main([Ljava/lang/String;)V+1
v  ~StubRoutines::call_stub

---------------  P R O C E S S  ---------------

Java Threads: ( => current thread )
  0x00b2c000 JavaThread "Service Thread" daemon [_thread_blocked, id=1612, stack(0x03e10000,0x03e60000)]
  0x00b09000 JavaThread "C1 CompilerThread0" daemon [_thread_blocked, id=6368, stack(0x03c90000,0x03ce0000)]
  0x00b04000 JavaThread "Attach Listener" daemon [_thread_blocked, id=436, stack(0x03b70000,0x03bc0000)]
  0x00b01000 JavaThread "Signal Dispatcher" daemon [_thread_blocked, id=7800, stack(0x03d80000,0x03dd0000)]
  0x00a92000 JavaThread "Finalizer" daemon [_thread_blocked, id=7812, stack(0x03cf0000,0x03d40000)]
  0x00a90800 JavaThread "Reference Handler" daemon [_thread_blocked, id=7432, stack(0x03ab0000,0x03b00000)]
=>0x005abc00 JavaThread "main" [_thread_in_vm, id=4732, stack(0x00500000,0x00550000)]

Other Threads:
  0x00a8e800 VMThread [stack: 0x03b20000,0x03b70000] [id=6548]
  0x00b2d800 WatcherThread [stack: 0x03f40000,0x03f90000] [id=1036]

VM state:synchronizing (normal execution)

VM Mutex/Monitor currently owned by a thread:  ([mutex/lock_event])
[0x005aa1b0] Threads_lock - owner thread: 0x00a8e800

Heap
 def new generation   total 4928K, used 2902K [0x23600000, 0x23b50000, 0x28b50000)
  eden space 4416K,  54% used [0x23600000, 0x23855a98, 0x23a50000)
  from space 512K,  99% used [0x23ad0000, 0x23b4fff8, 0x23b50000)
  to   space 512K,   0% used [0x23a50000, 0x23a50000, 0x23ad0000)
 tenured generation   total 10944K, used 3099K [0x28b50000, 0x29600000, 0x33600000)
   the space 10944K,  28% used [0x28b50000, 0x28e56da8, 0x28e56e00, 0x29600000)
 compacting perm gen  total 12288K, used 3535K [0x33600000, 0x34200000, 0x37600000)
   the space 12288K,  28% used [0x33600000, 0x33973d98, 0x33973e00, 0x34200000)
    ro space 10240K,  44% used [0x37600000, 0x37a7d3d0, 0x37a7d400, 0x38000000)
    rw space 12288K,  52% used [0x38000000, 0x386499e0, 0x38649a00, 0x38c00000)

Card table byte_map: [0x018c0000,0x01970000] byte_map_base: 0x017a5000

Polling page: 0x001a0000

Code Cache  [0x019f0000, 0x01b20000, 0x039f0000)
 total_blobs=571 nmethods=417 adapters=91 free_code_cache=31565Kb largest_free_block=32322816

Compilation events (10 events):
Event: 5.869 Thread 0x00b09000  413             java.lang.Class::getAnnotationType (5 bytes)
Event: 5.870 Thread 0x00b09000 nmethod 413 0x01b1ac88 code [0x01b1ad80, 0x01b1ae00]
Event: 5.873 Thread 0x00b09000  414             sun.reflect.annotation.AnnotationParser::parseAnnotations2 (135 bytes)
Event: 5.875 Thread 0x00b09000 nmethod 414 0x01b1ae48 code [0x01b1b060, 0x01b1b700]
Event: 5.886 Thread 0x00b09000  415             java.util.LinkedHashMap::init (35 bytes)
Event: 5.886 Thread 0x00b09000 nmethod 415 0x01b1c248 code [0x01b1c340, 0x01b1c430]
Event: 5.897 Thread 0x00b09000  416             java.util.HashSet::add (20 bytes)
Event: 5.897 Thread 0x00b09000 nmethod 416 0x01b1c488 code [0x01b1c590, 0x01b1c63c]
Event: 5.930 Thread 0x00b09000  417             com.google.common.collect.RegularImmutableMap::get (66 bytes)
Event: 5.931 Thread 0x00b09000 nmethod 417 0x01b1c688 code [0x01b1c7e0, 0x01b1c97c]

GC Heap History (10 events):
Event: 4.382 GC heap before
{Heap before GC invocations=4 (full 0):
 def new generation   total 4928K, used 4712K [0x23600000, 0x23b50000, 0x28b50000)
  eden space 4416K, 100% used [0x23600000, 0x23a50000, 0x23a50000)
  from space 512K,  57% used [0x23a50000, 0x23a9a238, 0x23ad0000)
  to   space 512K,   0% used [0x23ad0000, 0x23ad0000, 0x23b50000)
 tenured generation   total 10944K, used 1576K [0x28b50000, 0x29600000, 0x33600000)
   the space 10944K,  14% used [0x28b50000, 0x28cda338, 0x28cda400, 0x29600000)
 compacting perm gen  total 12288K, used 2072K [0x33600000, 0x34200000, 0x37600000)
   the space 12288K,  16% used [0x33600000, 0x33806010, 0x33806200, 0x34200000)
    ro space 10240K,  44% used [0x37600000, 0x37a7d3d0, 0x37a7d400, 0x38000000)
    rw space 12288K,  52% used [0x38000000, 0x386499e0, 0x38649a00, 0x38c00000)
Event: 4.384 GC heap after
Heap after GC invocations=5 (full 0):
 def new generation   total 4928K, used 279K [0x23600000, 0x23b50000, 0x28b50000)
  eden space 4416K,   0% used [0x23600000, 0x23600000, 0x23a50000)
  from space 512K,  54% used [0x23ad0000, 0x23b15f10, 0x23b50000)
  to   space 512K,   0% used [0x23a50000, 0x23a50000, 0x23ad0000)
 tenured generation   total 10944K, used 1729K [0x28b50000, 0x29600000, 0x33600000)
   the space 10944K,  15% used [0x28b50000, 0x28d00538, 0x28d00600, 0x29600000)
 compacting perm gen  total 12288K, used 2072K [0x33600000, 0x34200000, 0x37600000)
   the space 12288K,  16% used [0x33600000, 0x33806010, 0x33806200, 0x34200000)
    ro space 10240K,  44% used [0x37600000, 0x37a7d3d0, 0x37a7d400, 0x38000000)
    rw space 12288K,  52% used [0x38000000, 0x386499e0, 0x38649a00, 0x38c00000)
}
Event: 4.553 GC heap before
{Heap before GC invocations=5 (full 0):
 def new generation   total 4928K, used 4695K [0x23600000, 0x23b50000, 0x28b50000)
  eden space 4416K, 100% used [0x23600000, 0x23a50000, 0x23a50000)
  from space 512K,  54% used [0x23ad0000, 0x23b15f10, 0x23b50000)
  to   space 512K,   0% used [0x23a50000, 0x23a50000, 0x23ad0000)
 tenured generation   total 10944K, used 1729K [0x28b50000, 0x29600000, 0x33600000)
   the space 10944K,  15% used [0x28b50000, 0x28d00538, 0x28d00600, 0x29600000)
 compacting perm gen  total 12288K, used 2230K [0x33600000, 0x34200000, 0x37600000)
   the space 12288K,  18% used [0x33600000, 0x3382dab0, 0x3382dc00, 0x34200000)
    ro space 10240K,  44% used [0x37600000, 0x37a7d3d0, 0x37a7d400, 0x38000000)
    rw space 12288K,  52% used [0x38000000, 0x386499e0, 0x38649a00, 0x38c00000)
Event: 4.555 GC heap after
Heap after GC invocations=6 (full 0):
 def new generation   total 4928K, used 475K [0x23600000, 0x23b50000, 0x28b50000)
  eden space 4416K,   0% used [0x23600000, 0x23600000, 0x23a50000)
  from space 512K,  92% used [0x23a50000, 0x23ac6e18, 0x23ad0000)
  to   space 512K,   0% used [0x23ad0000, 0x23ad0000, 0x23b50000)
 tenured generation   total 10944K, used 1824K [0x28b50000, 0x29600000, 0x33600000)
   the space 10944K,  16% used [0x28b50000, 0x28d181f8, 0x28d18200, 0x29600000)
 compacting perm gen  total 12288K, used 2230K [0x33600000, 0x34200000, 0x37600000)
   the space 12288K,  18% used [0x33600000, 0x3382dab0, 0x3382dc00, 0x34200000)
    ro space 10240K,  44% used [0x37600000, 0x37a7d3d0, 0x37a7d400, 0x38000000)
    rw space 12288K,  52% used [0x38000000, 0x386499e0, 0x38649a00, 0x38c00000)
}
Event: 4.762 GC heap before
{Heap before GC invocations=6 (full 0):
 def new generation   total 4928K, used 4891K [0x23600000, 0x23b50000, 0x28b50000)
  eden space 4416K, 100% used [0x23600000, 0x23a50000, 0x23a50000)
  from space 512K,  92% used [0x23a50000, 0x23ac6e18, 0x23ad0000)
  to   space 512K,   0% used [0x23ad0000, 0x23ad0000, 0x23b50000)
 tenured generation   total 10944K, used 1824K [0x28b50000, 0x29600000, 0x33600000)
   the space 10944K,  16% used [0x28b50000, 0x28d181f8, 0x28d18200, 0x29600000)
 compacting perm gen  total 12288K, used 2555K [0x33600000, 0x34200000, 0x37600000)
   the space 12288K,  20% used [0x33600000, 0x3387ef38, 0x3387f000, 0x34200000)
    ro space 10240K,  44% used [0x37600000, 0x37a7d3d0, 0x37a7d400, 0x38000000)
    rw space 12288K,  52% used [0x38000000, 0x386499e0, 0x38649a00, 0x38c00000)
Event: 4.766 GC heap after
Heap after GC invocations=7 (full 0):
 def new generation   total 4928K, used 511K [0x23600000, 0x23b50000, 0x28b50000)
  eden space 4416K,   0% used [0x23600000, 0x23600000, 0x23a50000)
  from space 512K,  99% used [0x23ad0000, 0x23b4fff8, 0x23b50000)
  to   space 512K,   0% used [0x23a50000, 0x23a50000, 0x23ad0000)
 tenured generation   total 10944K, used 2307K [0x28b50000, 0x29600000, 0x33600000)
   the space 10944K,  21% used [0x28b50000, 0x28d90ea8, 0x28d91000, 0x29600000)
 compacting perm gen  total 12288K, used 2555K [0x33600000, 0x34200000, 0x37600000)
   the space 12288K,  20% used [0x33600000, 0x3387ef38, 0x3387f000, 0x34200000)
    ro space 10240K,  44% used [0x37600000, 0x37a7d3d0, 0x37a7d400, 0x38000000)
    rw space 12288K,  52% used [0x38000000, 0x386499e0, 0x38649a00, 0x38c00000)
}
Event: 5.132 GC heap before
{Heap before GC invocations=7 (full 0):
 def new generation   total 4928K, used 4927K [0x23600000, 0x23b50000, 0x28b50000)
  eden space 4416K, 100% used [0x23600000, 0x23a50000, 0x23a50000)
  from space 512K,  99% used [0x23ad0000, 0x23b4fff8, 0x23b50000)
  to   space 512K,   0% used [0x23a50000, 0x23a50000, 0x23ad0000)
 tenured generation   total 10944K, used 2307K [0x28b50000, 0x29600000, 0x33600000)
   the space 10944K,  21% used [0x28b50000, 0x28d90ea8, 0x28d91000, 0x29600000)
 compacting perm gen  total 12288K, used 2893K [0x33600000, 0x34200000, 0x37600000)
   the space 12288K,  23% used [0x33600000, 0x338d3448, 0x338d3600, 0x34200000)
    ro space 10240K,  44% used [0x37600000, 0x37a7d3d0, 0x37a7d400, 0x38000000)
    rw space 12288K,  52% used [0x38000000, 0x386499e0, 0x38649a00, 0x38c00000)
Event: 5.144 GC heap after
Heap after GC invocations=8 (full 0):
 def new generation   total 4928K, used 512K [0x23600000, 0x23b50000, 0x28b50000)
  eden space 4416K,   0% used [0x23600000, 0x23600000, 0x23a50000)
  from space 512K, 100% used [0x23a50000, 0x23ad0000, 0x23ad0000)
  to   space 512K,   0% used [0x23ad0000, 0x23ad0000, 0x23b50000)
 tenured generation   total 10944K, used 2748K [0x28b50000, 0x29600000, 0x33600000)
   the space 10944K,  25% used [0x28b50000, 0x28dff030, 0x28dff200, 0x29600000)
 compacting perm gen  total 12288K, used 2893K [0x33600000, 0x34200000, 0x37600000)
   the space 12288K,  23% used [0x33600000, 0x338d3448, 0x338d3600, 0x34200000)
    ro space 10240K,  44% used [0x37600000, 0x37a7d3d0, 0x37a7d400, 0x38000000)
    rw space 12288K,  52% used [0x38000000, 0x386499e0, 0x38649a00, 0x38c00000)
}
Event: 5.772 GC heap before
{Heap before GC invocations=8 (full 0):
 def new generation   total 4928K, used 4928K [0x23600000, 0x23b50000, 0x28b50000)
  eden space 4416K, 100% used [0x23600000, 0x23a50000, 0x23a50000)
  from space 512K, 100% used [0x23a50000, 0x23ad0000, 0x23ad0000)
  to   space 512K,   0% used [0x23ad0000, 0x23ad0000, 0x23b50000)
 tenured generation   total 10944K, used 2748K [0x28b50000, 0x29600000, 0x33600000)
   the space 10944K,  25% used [0x28b50000, 0x28dff030, 0x28dff200, 0x29600000)
 compacting perm gen  total 12288K, used 3320K [0x33600000, 0x34200000, 0x37600000)
   the space 12288K,  27% used [0x33600000, 0x3393e240, 0x3393e400, 0x34200000)
    ro space 10240K,  44% used [0x37600000, 0x37a7d3d0, 0x37a7d400, 0x38000000)
    rw space 12288K,  52% used [0x38000000, 0x386499e0, 0x38649a00, 0x38c00000)
Event: 5.782 GC heap after
Heap after GC invocations=9 (full 0):
 def new generation   total 4928K, used 511K [0x23600000, 0x23b50000, 0x28b50000)
  eden space 4416K,   0% used [0x23600000, 0x23600000, 0x23a50000)
  from space 512K,  99% used [0x23ad0000, 0x23b4fff8, 0x23b50000)
  to   space 512K,   0% used [0x23a50000, 0x23a50000, 0x23ad0000)
 tenured generation   total 10944K, used 3099K [0x28b50000, 0x29600000, 0x33600000)
   the space 10944K,  28% used [0x28b50000, 0x28e56da8, 0x28e56e00, 0x29600000)
 compacting perm gen  total 12288K, used 3320K [0x33600000, 0x34200000, 0x37600000)
   the space 12288K,  27% used [0x33600000, 0x3393e240, 0x3393e400, 0x34200000)
    ro space 10240K,  44% used [0x37600000, 0x37a7d3d0, 0x37a7d400, 0x38000000)
    rw space 12288K,  52% used [0x38000000, 0x386499e0, 0x38649a00, 0x38c00000)
}

Deoptimization events (0 events):
No events

Internal exceptions (10 events):
Event: 5.892 Thread 0x005abc00 Threw 0x2380f560 at C:\re\jdk7u80\2061.nc\hotspot\src\share\vm\prims\jvm.cpp:1319
Event: 5.892 Thread 0x005abc00 Threw 0x23810e00 at C:\re\jdk7u80\2061.nc\hotspot\src\share\vm\prims\jvm.cpp:1319
Event: 5.898 Thread 0x005abc00 Threw 0x23823ca0 at C:\re\jdk7u80\2061.nc\hotspot\src\share\vm\prims\jvm.cpp:1319
Event: 5.898 Thread 0x005abc00 Threw 0x238250d0 at C:\re\jdk7u80\2061.nc\hotspot\src\share\vm\prims\jvm.cpp:1319
Event: 5.898 Thread 0x005abc00 Threw 0x23826588 at C:\re\jdk7u80\2061.nc\hotspot\src\share\vm\prims\jvm.cpp:1319
Event: 5.900 Thread 0x005abc00 Threw 0x238340e0 at C:\re\jdk7u80\2061.nc\hotspot\src\share\vm\prims\jvm.cpp:1319
Event: 5.900 Thread 0x005abc00 Threw 0x238357e0 at C:\re\jdk7u80\2061.nc\hotspot\src\share\vm\prims\jvm.cpp:1319
Event: 5.932 Thread 0x005abc00 Threw 0x2383f388 at C:\re\jdk7u80\2061.nc\hotspot\src\share\vm\prims\jvm.cpp:1319
Event: 5.932 Thread 0x005abc00 Threw 0x238405a8 at C:\re\jdk7u80\2061.nc\hotspot\src\share\vm\prims\jvm.cpp:1319
Event: 5.932 Thread 0x005abc00 Threw 0x23841678 at C:\re\jdk7u80\2061.nc\hotspot\src\share\vm\prims\jvm.cpp:1319

Events (10 events):
Event: 5.897 loading class 0x03f99688
Event: 5.897 loading class 0x03f99688 done
Event: 5.898 loading class 0x03f99688
Event: 5.898 loading class 0x03f99688 done
Event: 5.900 loading class 0x04015a10
Event: 5.900 loading class 0x04015a10 done
Event: 5.931 loading class 0x03f996d8
Event: 5.931 loading class 0x03f996d8 done
Event: 5.932 loading class 0x03f996d8
Event: 5.932 loading class 0x03f996d8 done


Dynamic libraries:
0x00b90000 - 0x00bbf000 	C:\Program Files\Java\jdk1.7.0_80\bin\java.exe
0x77740000 - 0x7787c000 	C:\Windows\SYSTEM32\ntdll.dll
0x77300000 - 0x773d4000 	C:\Windows\system32\kernel32.dll
0x75910000 - 0x7595a000 	C:\Windows\system32\KERNELBASE.dll
0x76fb0000 - 0x77050000 	C:\Windows\system32\ADVAPI32.dll
0x76cd0000 - 0x76d7c000 	C:\Windows\system32\msvcrt.dll
0x76940000 - 0x76959000 	C:\Windows\SYSTEM32\sechost.dll
0x76d80000 - 0x76e21000 	C:\Windows\system32\RPCRT4.dll
0x77050000 - 0x77119000 	C:\Windows\system32\USER32.dll
0x76ee0000 - 0x76f2e000 	C:\Windows\system32\GDI32.dll
0x778f0000 - 0x778fa000 	C:\Windows\system32\LPK.dll
0x77260000 - 0x772fd000 	C:\Windows\system32\USP10.dll
0x74710000 - 0x748ae000 	C:\Windows\WinSxS\x86_microsoft.windows.common-controls_6595b64144ccf1df_6.0.7600.16385_none_421189da2b7fabfc\COMCTL32.dll
0x77890000 - 0x778e7000 	C:\Windows\system32\SHLWAPI.dll
0x77950000 - 0x7796f000 	C:\Windows\system32\IMM32.DLL
0x76c00000 - 0x76ccc000 	C:\Windows\system32\MSCTF.dll
0x5ebe0000 - 0x5ec9f000 	C:\Program Files\Java\jdk1.7.0_80\jre\bin\msvcr100.dll
0x5e070000 - 0x5e3fb000 	C:\Program Files\Java\jdk1.7.0_80\jre\bin\client\jvm.dll
0x74000000 - 0x74007000 	C:\Windows\system32\WSOCK32.dll
0x76e30000 - 0x76e65000 	C:\Windows\system32\WS2_32.dll
0x76ed0000 - 0x76ed6000 	C:\Windows\system32\NSI.dll
0x724e0000 - 0x72512000 	C:\Windows\system32\WINMM.dll
0x773e0000 - 0x773e5000 	C:\Windows\system32\PSAPI.DLL
0x67800000 - 0x6780c000 	C:\Program Files\Java\jdk1.7.0_80\jre\bin\verify.dll
0x674d0000 - 0x674f1000 	C:\Program Files\Java\jdk1.7.0_80\jre\bin\java.dll
0x63150000 - 0x63163000 	C:\Program Files\Java\jdk1.7.0_80\jre\bin\zip.dll
0x63130000 - 0x63144000 	C:\Program Files\Java\jdk1.7.0_80\jre\bin\net.dll
0x75300000 - 0x7533c000 	C:\Windows\system32\mswsock.dll
0x752f0000 - 0x752f6000 	C:\Windows\System32\wship6.dll
0x67490000 - 0x6749f000 	C:\Program Files\Java\jdk1.7.0_80\jre\bin\nio.dll
0x734c0000 - 0x735ab000 	C:\Windows\system32\dbghelp.dll

VM Arguments:
jvm_args: -Dclassworlds.conf=C:\Program Files\NetBeans 8.0.2\java\maven\bin\m2.conf -Dmaven.home=C:\Program Files\NetBeans 8.0.2\java\maven 
java_command: org.codehaus.plexus.classworlds.launcher.Launcher -Dnetbeans.deploy.debugmode=true -Dnetbeans.deploy=true -Dmaven.ext.class.path=C:\Program Files\NetBeans 8.0.2\java\maven-nblib\netbeans-eventspy.jar -Dfile.encoding=UTF-8 package
Launcher Type: SUN_STANDARD

Environment Variables:
JAVA_HOME=C:\Program Files\Java\jdk1.7.0_80
PATH=C:\ProgramData\Oracle\Java\javapath;C:\Program Files\Broadcom\Broadcom 802.11;;C:\Windows\system32;C:\Windows;C:\Windows\System32\Wbem;C:\Windows\System32\WindowsPowerShell\v1.0\;C:\Program Files\Broadcom\Broadcom 802.11\Driver;C:\Program Files\Skype\Phone\
USERNAME=hp
OS=Windows_NT
PROCESSOR_IDENTIFIER=x86 Family 16 Model 6 Stepping 3, AuthenticAMD



---------------  S Y S T E M  ---------------

OS: Windows 7 Build 7600 

CPU:total 2 (2 cores per cpu, 1 threads per core) family 16 model 6 stepping 3, cmov, cx8, fxsr, mmx, sse, sse2, sse3, popcnt, mmxext, 3dnowpref, lzcnt, sse4a, tsc, tscinvbit, tscinv

Memory: 4k page, physical 1825208k(201164k free), swap 5402676k(735376k free)

vm_info: Java HotSpot(TM) Client VM (24.80-b07) for windows-x86 JRE (1.7.0_80-ea-b05), built on Jan 21 2015 02:11:10 by "java_re" with unknown MS VC++:1600

time: Thu Oct 15 14:57:01 2015
elapsed time: 7 seconds

